Using pre-set license
Built from '2021.3/staging' branch; Version is '2021.3.11f1 (0a5ca18544bf) revision 679073'; Using compiler version '192829333'; Build Type 'Release'
OS: 'Windows 11  (10.0.22000) 64bit Core' Language: 'en' Physical Memory: 32689 MB
BatchMode: 1, IsHumanControllingUs: 0, StartBugReporterOnCrash: 0, Is64bit: 1, IsPro: 1

COMMAND LINE ARGUMENTS:
C:\Program Files\Unity\Hub\Editor\2021.3.11f1\Editor\Unity.exe
-adb2
-batchMode
-noUpm
-name
AssetImportWorker2
-projectPath
C:/Users/Joose/Documents/Unity Projects/Zombie Shooter
-logFile
Logs/AssetImportWorker2.log
-srvPort
54774
Successfully changed project path to: C:/Users/Joose/Documents/Unity Projects/Zombie Shooter
C:/Users/Joose/Documents/Unity Projects/Zombie Shooter
[UnityMemory] Configuration Parameters - Can be set up in boot.config
    "memorysetup-bucket-allocator-granularity=16"
    "memorysetup-bucket-allocator-bucket-count=8"
    "memorysetup-bucket-allocator-block-size=33554432"
    "memorysetup-bucket-allocator-block-count=8"
    "memorysetup-main-allocator-block-size=16777216"
    "memorysetup-thread-allocator-block-size=16777216"
    "memorysetup-gfx-main-allocator-block-size=16777216"
    "memorysetup-gfx-thread-allocator-block-size=16777216"
    "memorysetup-cache-allocator-block-size=4194304"
    "memorysetup-typetree-allocator-block-size=2097152"
    "memorysetup-profiler-bucket-allocator-granularity=16"
    "memorysetup-profiler-bucket-allocator-bucket-count=8"
    "memorysetup-profiler-bucket-allocator-block-size=33554432"
    "memorysetup-profiler-bucket-allocator-block-count=8"
    "memorysetup-profiler-allocator-block-size=16777216"
    "memorysetup-profiler-editor-allocator-block-size=1048576"
    "memorysetup-temp-allocator-size-main=16777216"
    "memorysetup-job-temp-allocator-block-size=2097152"
    "memorysetup-job-temp-allocator-block-size-background=1048576"
    "memorysetup-job-temp-allocator-reduction-small-platforms=262144"
    "memorysetup-temp-allocator-size-background-worker=32768"
    "memorysetup-temp-allocator-size-job-worker=262144"
    "memorysetup-temp-allocator-size-preload-manager=33554432"
    "memorysetup-temp-allocator-size-nav-mesh-worker=65536"
    "memorysetup-temp-allocator-size-audio-worker=65536"
    "memorysetup-temp-allocator-size-cloud-worker=32768"
    "memorysetup-temp-allocator-size-gi-baking-worker=262144"
    "memorysetup-temp-allocator-size-gfx=262144"
Refreshing native plugins compatible for Editor in 112.65 ms, found 3 plugins.
Preloading 0 native plugins for Editor in 0.00 ms.
Initialize engine version: 2021.3.11f1 (0a5ca18544bf)
[Subsystems] Discovering subsystems at path C:/Program Files/Unity/Hub/Editor/2021.3.11f1/Editor/Data/Resources/UnitySubsystems
[Subsystems] Discovering subsystems at path C:/Users/Joose/Documents/Unity Projects/Zombie Shooter/Assets
GfxDevice: creating device client; threaded=0; jobified=0
Direct3D:
    Version:  Direct3D 11.0 [level 11.1]
    Renderer: NVIDIA GeForce GTX 1660 SUPER (ID=0x21c4)
    Vendor:   NVIDIA
    VRAM:     5992 MB
    Driver:   30.0.15.1277
Initialize mono
Mono path[0] = 'C:/Program Files/Unity/Hub/Editor/2021.3.11f1/Editor/Data/Managed'
Mono path[1] = 'C:/Program Files/Unity/Hub/Editor/2021.3.11f1/Editor/Data/MonoBleedingEdge/lib/mono/unityjit-win32'
Mono config path = 'C:/Program Files/Unity/Hub/Editor/2021.3.11f1/Editor/Data/MonoBleedingEdge/etc'
Using monoOptions --debugger-agent=transport=dt_socket,embedding=1,server=y,suspend=n,address=127.0.0.1:56188
Begin MonoManager ReloadAssembly
Registering precompiled unity dll's ...
Register platform support module: C:/Program Files/Unity/Hub/Editor/2021.3.11f1/Editor/Data/PlaybackEngines/AndroidPlayer/UnityEditor.Android.Extensions.dll
Register platform support module: C:/Program Files/Unity/Hub/Editor/2021.3.11f1/Editor/Data/PlaybackEngines/WindowsStandaloneSupport/UnityEditor.WindowsStandalone.Extensions.dll
Registered in 0.003970 seconds.
Native extension for WindowsStandalone target not found
Native extension for Android target not found
Refreshing native plugins compatible for Editor in 91.69 ms, found 3 plugins.
Preloading 0 native plugins for Editor in 0.00 ms.
Mono: successfully reloaded assembly
- Completed reload, in  0.558 seconds
Domain Reload Profiling:
	ReloadAssembly (558ms)
		BeginReloadAssembly (55ms)
			ExecutionOrderSort (0ms)
			DisableScriptedObjects (0ms)
			BackupInstance (0ms)
			ReleaseScriptingObjects (0ms)
			CreateAndSetChildDomain (1ms)
		EndReloadAssembly (414ms)
			LoadAssemblies (53ms)
			RebuildTransferFunctionScriptingTraits (0ms)
			SetupTypeCache (87ms)
			ReleaseScriptCaches (0ms)
			RebuildScriptCaches (24ms)
			SetupLoadedEditorAssemblies (260ms)
				LogAssemblyErrors (0ms)
				InitializePlatformSupportModulesInManaged (48ms)
				SetLoadedEditorAssemblies (0ms)
				RefreshPlugins (92ms)
				BeforeProcessingInitializeOnLoad (1ms)
				ProcessInitializeOnLoadAttributes (82ms)
				ProcessInitializeOnLoadMethodAttributes (38ms)
				AfterProcessingInitializeOnLoad (0ms)
				EditorAssembliesLoaded (0ms)
			ExecutionOrderSort2 (0ms)
			AwakeInstancesAfterBackupRestoration (0ms)
Platform modules already initialized, skipping
Registering precompiled user dll's ...
Registered in 0.004477 seconds.
Begin MonoManager ReloadAssembly
Symbol file LoadedFromMemory doesn't match image C:\Users\Joose\Documents\Unity Projects\Zombie Shooter\Library\PackageCache\com.unity.visualscripting@1.7.8\Editor\VisualScripting.Core\Dependencies\YamlDotNet\Unity.VisualScripting.YamlDotNet.dll
Symbol file LoadedFromMemory doesn't match image C:\Users\Joose\Documents\Unity Projects\Zombie Shooter\Library\PackageCache\com.unity.visualscripting@1.7.8\Editor\VisualScripting.Core\Dependencies\DotNetZip\Unity.VisualScripting.IonicZip.dll
Native extension for WindowsStandalone target not found
Native extension for Android target not found
Refreshing native plugins compatible for Editor in 91.47 ms, found 3 plugins.
Preloading 0 native plugins for Editor in 0.00 ms.
Mono: successfully reloaded assembly
- Completed reload, in  1.157 seconds
Domain Reload Profiling:
	ReloadAssembly (1158ms)
		BeginReloadAssembly (201ms)
			ExecutionOrderSort (0ms)
			DisableScriptedObjects (5ms)
			BackupInstance (0ms)
			ReleaseScriptingObjects (0ms)
			CreateAndSetChildDomain (127ms)
		EndReloadAssembly (860ms)
			LoadAssemblies (64ms)
			RebuildTransferFunctionScriptingTraits (0ms)
			SetupTypeCache (240ms)
			ReleaseScriptCaches (1ms)
			RebuildScriptCaches (47ms)
			SetupLoadedEditorAssemblies (465ms)
				LogAssemblyErrors (0ms)
				InitializePlatformSupportModulesInManaged (11ms)
				SetLoadedEditorAssemblies (0ms)
				RefreshPlugins (92ms)
				BeforeProcessingInitializeOnLoad (78ms)
				ProcessInitializeOnLoadAttributes (258ms)
				ProcessInitializeOnLoadMethodAttributes (22ms)
				AfterProcessingInitializeOnLoad (5ms)
				EditorAssembliesLoaded (0ms)
			ExecutionOrderSort2 (0ms)
			AwakeInstancesAfterBackupRestoration (6ms)
Platform modules already initialized, skipping
========================================================================
Worker process is ready to serve import requests
Launched and connected shader compiler UnityShaderCompiler.exe after 0.03 seconds
Refreshing native plugins compatible for Editor in 0.93 ms, found 3 plugins.
Preloading 0 native plugins for Editor in 0.00 ms.
Unloading 3668 Unused Serialized files (Serialized files now loaded: 0)
Unloading 50 unused Assets / (1.8 MB). Loaded Objects now: 4151.
Memory consumption went from 181.9 MB to 180.1 MB.
Total: 3.103900 ms (FindLiveObjects: 0.300000 ms CreateObjectMapping: 0.097700 ms MarkObjects: 2.322000 ms  DeleteObjects: 0.383300 ms)

AssetImportParameters requested are different than current active one (requested -> active):
  custom:video-decoder-ogg-theora: a1e56fd34408186e4bbccfd4996cb3dc -> 
  custom:container-muxer-webm: aa71ff27fc2769a1b78a27578f13a17b -> 
  custom:container-demuxer-webm: 4f35f7cbe854078d1ac9338744f61a02 -> 
  custom:video-encoder-webm-vp8: eb34c28f22e8b96e1ab97ce403110664 -> 
  custom:audio-encoder-webm-vorbis: bf7c407c2cedff20999df2af8eb42d56 -> 
  custom:framework-win-MediaFoundation: 216162199b28c13a410421893ffa2e32 -> 
  custom:container-demuxer-ogg: 62fdf1f143b41e24485cea50d1cbac27 -> 
  custom:video-decoder-webm-vp8: 9c59270c3fd7afecdb556c50c9e8de78 -> 
  custom:audio-decoder-ogg-vorbis: bf7c407c2cedff20999df2af8eb42d56 -> 
========================================================================
Received Import Request.
  Time since last request: 103597.823292 seconds.
  path: Assets/FreeMachineGun/Prefabs
  artifactKey: Guid(3230ec9cc3a737a428bff5b5f747e790) Importer(815301076,1909f56bfc062723c751e8b465ee728b)
Start importing Assets/FreeMachineGun/Prefabs using Guid(3230ec9cc3a737a428bff5b5f747e790) Importer(815301076,1909f56bfc062723c751e8b465ee728b)  -> (artifact id: '8f6d2864aa9a13146143046879b1ed29') in 0.011048 seconds 
========================================================================
Received Import Request.
  Time since last request: 0.042767 seconds.
  path: Assets/FreeMachineGun/Prefabs/MachineGun_00.prefab
  artifactKey: Guid(a71db0f05c28dbd48be777241911ffe2) Importer(815301076,1909f56bfc062723c751e8b465ee728b)
Start importing Assets/FreeMachineGun/Prefabs/MachineGun_00.prefab using Guid(a71db0f05c28dbd48be777241911ffe2) Importer(815301076,1909f56bfc062723c751e8b465ee728b)  -> (artifact id: '93c0ef4f92043bf4347c86c86ef33aa4') in 0.227227 seconds 
========================================================================
Received Import Request.
  Time since last request: 0.000031 seconds.
  path: Assets/FreeMachineGun/Prefabs/MachineGun_03.prefab
  artifactKey: Guid(12faed8b28e0cb34aa267b7cd9b6cd25) Importer(815301076,1909f56bfc062723c751e8b465ee728b)
Start importing Assets/FreeMachineGun/Prefabs/MachineGun_03.prefab using Guid(12faed8b28e0cb34aa267b7cd9b6cd25) Importer(815301076,1909f56bfc062723c751e8b465ee728b)  -> (artifact id: '6a5c7b5e8413d34347540c7a43ff877e') in 0.020434 seconds 
========================================================================
Received Import Request.
  Time since last request: 0.000025 seconds.
  path: Assets/FreeMachineGun/Prefabs/ToonMachineGun_08.prefab
  artifactKey: Guid(372d115ebb2437c4389bfbdafe6b237c) Importer(815301076,1909f56bfc062723c751e8b465ee728b)
Start importing Assets/FreeMachineGun/Prefabs/ToonMachineGun_08.prefab using Guid(372d115ebb2437c4389bfbdafe6b237c) Importer(815301076,1909f56bfc062723c751e8b465ee728b)  -> (artifact id: 'fd5aabe2c56d9fde57e5b20eaf4a781c') in 0.015254 seconds 
========================================================================
Received Import Request.
  Time since last request: 0.000017 seconds.
  path: Assets/FreeMachineGun/Prefabs/ToonMachineGun_02.prefab
  artifactKey: Guid(46f11e56830c61540aea64d96eb1d428) Importer(815301076,1909f56bfc062723c751e8b465ee728b)
Start importing Assets/FreeMachineGun/Prefabs/ToonMachineGun_02.prefab using Guid(46f11e56830c61540aea64d96eb1d428) Importer(815301076,1909f56bfc062723c751e8b465ee728b)  -> (artifact id: '692f2d78c4f0abd889bf481e044d9751') in 0.021493 seconds 
========================================================================
Received Import Request.
  Time since last request: 0.000019 seconds.
  path: Assets/FreeMachineGun/Prefabs/MachineGun_06.prefab
  artifactKey: Guid(b84d1140f024ab74a8bc5f07cde8577d) Importer(815301076,1909f56bfc062723c751e8b465ee728b)
Start importing Assets/FreeMachineGun/Prefabs/MachineGun_06.prefab using Guid(b84d1140f024ab74a8bc5f07cde8577d) Importer(815301076,1909f56bfc062723c751e8b465ee728b)  -> (artifact id: '30dc4008b8345dd6441f096330ba20e6') in 0.015627 seconds 
========================================================================
Received Import Request.
  Time since last request: 0.000019 seconds.
  path: Assets/FreeMachineGun/Prefabs/ToonMachineGun_05.prefab
  artifactKey: Guid(53df7997cf5588744bf093864afc343f) Importer(815301076,1909f56bfc062723c751e8b465ee728b)
Start importing Assets/FreeMachineGun/Prefabs/ToonMachineGun_05.prefab using Guid(53df7997cf5588744bf093864afc343f) Importer(815301076,1909f56bfc062723c751e8b465ee728b)  -> (artifact id: '59c6a98ec6c9cc5e28738ef221fd171b') in 0.016405 seconds 
========================================================================
Received Import Request.
  Time since last request: 0.000017 seconds.
  path: Assets/FreeMachineGun/Prefabs/ToonMachineGun_06.prefab
  artifactKey: Guid(c59dafb97faf84840a62dfdea48fb50e) Importer(815301076,1909f56bfc062723c751e8b465ee728b)
Start importing Assets/FreeMachineGun/Prefabs/ToonMachineGun_06.prefab using Guid(c59dafb97faf84840a62dfdea48fb50e) Importer(815301076,1909f56bfc062723c751e8b465ee728b)  -> (artifact id: '38254eceb08fad3f4c5ccd89890450ac') in 0.020908 seconds 
========================================================================
Received Import Request.
  Time since last request: 0.000018 seconds.
  path: Assets/FreeMachineGun/Prefabs/ToonMachineGun_07.prefab
  artifactKey: Guid(3bfdc32cfd5b6884c919b7233aedd89a) Importer(815301076,1909f56bfc062723c751e8b465ee728b)
Start importing Assets/FreeMachineGun/Prefabs/ToonMachineGun_07.prefab using Guid(3bfdc32cfd5b6884c919b7233aedd89a) Importer(815301076,1909f56bfc062723c751e8b465ee728b)  -> (artifact id: '794a5adfb4d67cd8cb3ec074aa065a82') in 0.019514 seconds 
========================================================================
Received Import Request.
  Time since last request: 0.000029 seconds.
  path: Assets/FreeMachineGun/Prefabs/ToonMachineGun_09.prefab
  artifactKey: Guid(dd517966af74ec04b9405076c4d67d88) Importer(815301076,1909f56bfc062723c751e8b465ee728b)
Start importing Assets/FreeMachineGun/Prefabs/ToonMachineGun_09.prefab using Guid(dd517966af74ec04b9405076c4d67d88) Importer(815301076,1909f56bfc062723c751e8b465ee728b)  -> (artifact id: 'c75bce864dc6393ac873854440d45a27') in 0.018266 seconds 
========================================================================
Received Import Request.
  Time since last request: 0.000053 seconds.
  path: Assets/FreeMachineGun/Prefabs/ToonMachineGun_03.prefab
  artifactKey: Guid(03e7d84764ac3e245a306e7ec47a33a0) Importer(815301076,1909f56bfc062723c751e8b465ee728b)
Start importing Assets/FreeMachineGun/Prefabs/ToonMachineGun_03.prefab using Guid(03e7d84764ac3e245a306e7ec47a33a0) Importer(815301076,1909f56bfc062723c751e8b465ee728b)  -> (artifact id: 'a358ca9102cf48647c8034d8e91c86bc') in 0.016401 seconds 
========================================================================
Received Import Request.
  Time since last request: 0.000027 seconds.
  path: Assets/FreeMachineGun/Prefabs/ToonMachineGun_04.prefab
  artifactKey: Guid(887dad5eff0e6a547b0edc39147977d8) Importer(815301076,1909f56bfc062723c751e8b465ee728b)
Start importing Assets/FreeMachineGun/Prefabs/ToonMachineGun_04.prefab using Guid(887dad5eff0e6a547b0edc39147977d8) Importer(815301076,1909f56bfc062723c751e8b465ee728b)  -> (artifact id: '606d0ecf8b0edf49c6951706758812fd') in 0.019436 seconds 
Editor requested this worker to shutdown with reason: Scaling down because of idle timeout
AssetImportWorker is now disconnected from the server
Process exiting
Exiting without the bug reporter. Application will terminate with return code 0